<?xml version="1.0" encoding="UTF-8"?>
<testsuite xmlns:xsi="http://www.w3.org/2001/XMLSchema-instance" xsi:noNamespaceSchemaLocation="https://maven.apache.org/surefire/maven-surefire-plugin/xsd/surefire-test-report-3.0.xsd" version="3.0" name="TestSuite" time="47.536" tests="3" errors="0" skipped="0" failures="0">
  <properties>
[...]
</properties>
  <testcase name="runScenario[&quot;Login using correct Email ID and Password&quot;, &quot;TruTime&quot;](1)" classname="allTest.CucumberRunner" time="25.384">
    <system-out><![CDATA[
Scenario: Login using correct Email ID and Password &amp#27;[90m# src/test/resources/features/TruTime.feature:4&amp#27;[0m
  &amp#27;[32mGiven &amp#27;[0m&amp#27;[32mUser is on the Login page&amp#27;[0m                   &amp#27;[90m# allTest.TruTimeTest.validateLoginPage()&amp#27;[0m
  &amp#27;[32mWhen &amp#27;[0m&amp#27;[32mUser enters the Email ID&amp#27;[0m                     &amp#27;[90m# allTest.TruTimeTest.emailID()&amp#27;[0m
  &amp#27;[32mAnd &amp#27;[0m&amp#27;[32mUser clicks on Next button&amp#27;[0m                    &amp#27;[90m# allTest.TruTimeTest.nextButton()&amp#27;[0m
  &amp#27;[32mAnd &amp#27;[0m&amp#27;[32mUser enters the Password&amp#27;[0m                      &amp#27;[90m# allTest.TruTimeTest.enterPassword()&amp#27;[0m
  &amp#27;[32mAnd &amp#27;[0m&amp#27;[32mUser clicks on Next button&amp#27;[0m                    &amp#27;[90m# allTest.TruTimeTest.nextButton()&amp#27;[0m
  &amp#27;[32mAnd &amp#27;[0m&amp#27;[32mUser selects the required login options&amp#27;[0m       &amp#27;[90m# allTest.TruTimeTest.loginOptions()&amp#27;[0m
  &amp#27;[32mAnd &amp#27;[0m&amp#27;[32mUser clicks No for Remember sign in&amp#27;[0m           &amp#27;[90m# allTest.TruTimeTest.rememberOption()&amp#27;[0m
  &amp#27;[32mThen &amp#27;[0m&amp#27;[32mUser is redirected to Home page&amp#27;[0m              &amp#27;[90m# allTest.TruTimeTest.verify()&amp#27;[0m
]]></system-out>
    <system-err><![CDATA[SLF4J: Failed to load class "org.slf4j.impl.StaticLoggerBinder".
SLF4J: Defaulting to no-operation (NOP) logger implementation
SLF4J: See http://www.slf4j.org/codes.html#StaticLoggerBinder for further details.
Starting Microsoft Edge WebDriver 109.0.1518.61 (354b36f96babfabf4b1ee8754f550d1b74ae0d14) on port 32214
To submit feedback, report a bug, or suggest new features, please visit https://github.com/MicrosoftEdge/EdgeWebDriver

Only local connections are allowed.
Please see https://aka.ms/WebDriverSecurity for suggestions on keeping Microsoft Edge WebDriver safe.

Microsoft Edge WebDriver was started successfully.
Jan 21, 2023 8:46:44 PM org.openqa.selenium.devtools.CdpVersionFinder findNearestMatch
WARNING: Unable to find an exact match for CDP version 109, so returning the closest version found: 108
]]></system-err>
  </testcase>
  <testcase name="runScenario[&quot;Searching and Selecting TruTime&quot;, &quot;TruTime&quot;](2)" classname="allTest.CucumberRunner" time="7.827">
    <system-out><![CDATA[
Scenario: Searching and Selecting TruTime    &amp#27;[90m# src/test/resources/features/TruTime.feature:15&amp#27;[0m
  &amp#27;[32mGiven &amp#27;[0m&amp#27;[32mUser is on Home Page&amp#27;[0m                 &amp#27;[90m# allTest.TruTimeTest.verify()&amp#27;[0m
_______________________________________________________________________________________________________
Gajjar, Kirtan (Contractor)
Intern
_______________________________________________________________________________________________________
  &amp#27;[32mWhen &amp#27;[0m&amp#27;[32mUser clicks on Search bar&amp#27;[0m             &amp#27;[90m# allTest.TruTimeTest.searchBar()&amp#27;[0m
  &amp#27;[32mAnd &amp#27;[0m&amp#27;[32mUser enters TruTime&amp#27;[0m                    &amp#27;[90m# allTest.TruTimeTest.enterTruTime()&amp#27;[0m
  &amp#27;[32mAnd &amp#27;[0m&amp#27;[32mUser clicks on Search button&amp#27;[0m           &amp#27;[90m# allTest.TruTimeTest.clickSearchButton()&amp#27;[0m
  &amp#27;[32mAnd &amp#27;[0m&amp#27;[32mUser clicks on Apps & Tools&amp#27;[0m            &amp#27;[90m# allTest.TruTimeTest.clickAppsAndTools()&amp#27;[0m
  &amp#27;[32mAnd &amp#27;[0m&amp#27;[32mUser clicks on TruTime&amp#27;[0m                 &amp#27;[90m# allTest.TruTimeTest.clickTruTime()&amp#27;[0m
  &amp#27;[32mThen &amp#27;[0m&amp#27;[32mUser is redirected to TruTime webpage&amp#27;[0m &amp#27;[90m# allTest.TruTimeTest.Verify()&amp#27;[0m
]]></system-out>
  </testcase>
  <testcase name="runScenario[&quot;Verification of displayed dates&quot;, &quot;TruTime&quot;](3)" classname="allTest.CucumberRunner" time="2.924">
    <system-out><![CDATA[
Scenario: Verification of displayed dates                     &amp#27;[90m# src/test/resources/features/TruTime.feature:25&amp#27;[0m
  &amp#27;[32mGiven &amp#27;[0m&amp#27;[32mUser is on TruTime Page&amp#27;[0m                               &amp#27;[90m# allTest.TruTimeTest.Verify()&amp#27;[0m
_______________________________________________________________________________________________________
Sun, 15 Jan
Mon, 16 Jan
Tue, 17 Jan
Wed, 18 Jan
Thu, 19 Jan
Fri, 20 Jan
Sat, 21 Jan
_______________________________________________________________________________________________________
  &amp#27;[32mThen &amp#27;[0m&amp#27;[32mThe dates for the current week are correctly displayed&amp#27;[0m &amp#27;[90m# allTest.TruTimeTest.verifyAndDisplayCurentWeekDates()&amp#27;[0m
  &amp#27;[32mAnd &amp#27;[0m&amp#27;[32mToday's date is selected&amp#27;[0m                                &amp#27;[90m# allTest.TruTimeTest.currentDate()&amp#27;[0m
]]></system-out>
  </testcase>
</testsuite>