<?xml version="1.0" encoding="UTF-8"?>
<testng-results ignored="0" total="3" passed="3" failed="0" skipped="0">
  <reporter-output>
  </reporter-output>
  <suite started-at="2023-01-21T21:18:47 IST" name="Suite" finished-at="2023-01-21T21:19:27 IST" duration-ms="39336">
    <groups>
      <group name="cucumber">
        <method signature="AbstractTestNGCucumberTests.runScenario(io.cucumber.testng.PickleWrapper,io.cucumber.testng.FeatureWrapper)[pri:0, instance:allTest.CucumberRunner@8462f31]" name="runScenario" class="io.cucumber.testng.AbstractTestNGCucumberTests"/>
      </group> <!-- cucumber -->
    </groups>
    <test started-at="2023-01-21T21:18:47 IST" name="Test" finished-at="2023-01-21T21:19:27 IST" duration-ms="39336">
      <class name="allTest.CucumberRunner">
        <test-method is-config="true" signature="configuration()[pri:0, instance:allTest.CucumberRunner@8462f31]" started-at="2023-01-21T21:18:40 IST" name="configuration" finished-at="2023-01-21T21:18:46 IST" duration-ms="5522" status="PASS">
          <reporter-output>
          </reporter-output>
        </test-method> <!-- configuration -->
        <test-method is-config="true" signature="openUrl()[pri:0, instance:allTest.CucumberRunner@8462f31]" started-at="2023-01-21T21:18:46 IST" name="openUrl" finished-at="2023-01-21T21:18:47 IST" duration-ms="1494" status="PASS">
          <reporter-output>
          </reporter-output>
        </test-method> <!-- openUrl -->
        <test-method is-config="true" signature="setUpClass(org.testng.ITestContext)[pri:0, instance:allTest.CucumberRunner@8462f31]" started-at="2023-01-21T21:18:47 IST" name="setUpClass" finished-at="2023-01-21T21:18:50 IST" duration-ms="2128" status="PASS">
          <params>
            <param index="0">
              <value>
                <![CDATA[org.testng.TestRunner@30228de7]]>
              </value>
            </param>
          </params>
          <reporter-output>
          </reporter-output>
        </test-method> <!-- setUpClass -->
        <test-method signature="runScenario(io.cucumber.testng.PickleWrapper,io.cucumber.testng.FeatureWrapper)[pri:0, instance:allTest.CucumberRunner@8462f31]" started-at="2023-01-21T21:18:50 IST" name="runScenario" description="Runs Cucumber Scenarios" data-provider="scenarios" finished-at="2023-01-21T21:19:15 IST" duration-ms="25854" status="PASS">
          <params>
            <param index="0">
              <value>
                <![CDATA["Login using correct Email ID and Password"]]>
              </value>
            </param>
            <param index="1">
              <value>
                <![CDATA["TruTime"]]>
              </value>
            </param>
          </params>
          <reporter-output>
          </reporter-output>
        </test-method> <!-- runScenario -->
        <test-method signature="runScenario(io.cucumber.testng.PickleWrapper,io.cucumber.testng.FeatureWrapper)[pri:0, instance:allTest.CucumberRunner@8462f31]" started-at="2023-01-21T21:19:15 IST" name="runScenario" description="Runs Cucumber Scenarios" data-provider="scenarios" finished-at="2023-01-21T21:19:22 IST" duration-ms="6973" status="PASS">
          <params>
            <param index="0">
              <value>
                <![CDATA["Searching and Selecting TruTime"]]>
              </value>
            </param>
            <param index="1">
              <value>
                <![CDATA["TruTime"]]>
              </value>
            </param>
          </params>
          <reporter-output>
          </reporter-output>
        </test-method> <!-- runScenario -->
        <test-method signature="runScenario(io.cucumber.testng.PickleWrapper,io.cucumber.testng.FeatureWrapper)[pri:0, instance:allTest.CucumberRunner@8462f31]" started-at="2023-01-21T21:19:22 IST" name="runScenario" description="Runs Cucumber Scenarios" data-provider="scenarios" finished-at="2023-01-21T21:19:26 IST" duration-ms="3706" status="PASS">
          <params>
            <param index="0">
              <value>
                <![CDATA["Verification of displayed dates"]]>
              </value>
            </param>
            <param index="1">
              <value>
                <![CDATA["TruTime"]]>
              </value>
            </param>
          </params>
          <reporter-output>
          </reporter-output>
        </test-method> <!-- runScenario -->
        <test-method is-config="true" signature="tearDownClass()[pri:0, instance:allTest.CucumberRunner@8462f31]" started-at="2023-01-21T21:19:26 IST" name="tearDownClass" finished-at="2023-01-21T21:19:27 IST" duration-ms="610" status="PASS">
          <reporter-output>
          </reporter-output>
        </test-method> <!-- tearDownClass -->
        <test-method is-config="true" signature="closeDriver()[pri:0, instance:allTest.CucumberRunner@8462f31]" started-at="2023-01-21T21:19:27 IST" name="closeDriver" finished-at="2023-01-21T21:19:27 IST" duration-ms="408" status="PASS">
          <reporter-output>
          </reporter-output>
        </test-method> <!-- closeDriver -->
      </class> <!-- allTest.CucumberRunner -->
    </test> <!-- Test -->
  </suite> <!-- Suite -->
</testng-results>
